<?xml version="1.0" encoding="UTF-8"?>
<testng-results ignored="0" total="1" passed="1" failed="0" skipped="0">
  <reporter-output>
  </reporter-output>
  <suite started-at="2022-08-29T11:47:10 IST" name="Default suite" finished-at="2022-08-29T11:47:17 IST" duration-ms="7046">
    <groups>
    </groups>
    <test started-at="2022-08-29T11:47:10 IST" name="Default test" finished-at="2022-08-29T11:47:17 IST" duration-ms="7046">
      <class name="RestAssuredTests.UserDetails">
        <test-method is-config="true" signature="postdata()[pri:0, instance:RestAssuredTests.UserDetails@44ebcd03]" started-at="2022-08-29T11:47:10 IST" name="postdata" finished-at="2022-08-29T11:47:10 IST" duration-ms="27" status="PASS">
          <reporter-output>
          </reporter-output>
        </test-method> <!-- postdata -->
        <test-method signature="POST_User_From_JSON_file()[pri:0, instance:RestAssuredTests.UserDetails@44ebcd03]" started-at="2022-08-29T11:47:10 IST" name="POST_User_From_JSON_file" finished-at="2022-08-29T11:47:17 IST" duration-ms="6900" status="PASS">
          <reporter-output>
          </reporter-output>
        </test-method> <!-- POST_User_From_JSON_file -->
      </class> <!-- RestAssuredTests.UserDetails -->
    </test> <!-- Default test -->
  </suite> <!-- Default suite -->
</testng-results>
